
<configuration xmlns:xsi="http://www.w3.org/2001/XMLSchema-instance"
               xsi:schemaLocation="http://www.exoplaform.org/xml/ns/kernel_1_2.xsd http://www.exoplaform.org/xml/ns/kernel_1_2.xsd"
               xmlns="http://www.exoplaform.org/xml/ns/kernel_1_2.xsd">

    <component>
        <key>org.exoplatform.services.jdbc.DataSourceProvider</key>
        <type>org.exoplatform.services.jdbc.impl.DataSourceProviderImpl</type>
    </component>

    <component>
        <key>org.exoplatform.services.naming.InitialContextInitializer</key>
        <type>org.exoplatform.commons.InitialContextInitializer2</type>
        <init-params>
            <properties-param>
                <name>default-properties</name>
                <description>Default initial context properties</description>
            </properties-param>
        </init-params>
    </component>
    <component>
        <type>org.exoplatform.cs.test.InitialContextInitializerStarter</type>
    </component>

    <!-- Bind datasource -->
    <external-component-plugins>
        <target-component>org.exoplatform.services.naming.InitialContextInitializer
        </target-component>
        <component-plugin>
            <name>bind.datasource</name>
            <set-method>addPlugin</set-method>
            <type>org.exoplatform.services.naming.BindReferencePlugin</type>
            <init-params>
                <value-param>
                    <name>bind-name</name>
                    <value>exo-jpa_portal</value>
                </value-param>
                <value-param>
                    <name>class-name</name>
                    <value>javax.sql.DataSource</value>
                </value-param>
                <value-param>
                    <name>factory</name>
                    <value>org.apache.commons.dbcp.BasicDataSourceFactory</value>
                </value-param>
                <properties-param>
                    <name>ref-addresses</name>
                    <description>ref-addresses</description>
                    <property name="driverClassName" value="org.hsqldb.jdbcDriver" />
                    <property name="url" value="jdbc:hsqldb:mem:db1" />
                    <property name="username" value="sa" />
                    <property name="password" value="" />
                </properties-param>
            </init-params>
        </component-plugin>
    </external-component-plugins>

</configuration>